<?xml version="1.0" encoding="UTF-8"?>
<testsuite name="Validacion de texto en la pantalla despues del registro" tests="1" skipped="0" failures="0" errors="0" timestamp="2021-01-22T22:24:57" hostname="CHMEPPF0I6JT9" time="2.928">
  <properties/>
  <testcase name="validar que pantalla este el texto Double Click on Edit Icon to EDIT the Table Row" classname="Validacion de texto en la pantalla despues del registro" time="2.928"/>
  <system-out><![CDATA[]]></system-out>
  <system-err><![CDATA[[Test worker] INFO net.serenitybdd.core.Serenity - TEST PENDING
[Test worker] INFO net.serenitybdd.core.Serenity - 
          __  _____ _____ ____ _____   ____  _____ _   _ ____ ___ _   _  ____ 
 _       / / |_   _| ____/ ___|_   _| |  _ \| ____| \ | |  _ \_ _| \ | |/ ___|
(_)____ / /    | | |  _| \___ \ | |   | |_) |  _| |  \| | | | | ||  \| | |  _ 
 |_____/ /     | | | |___ ___) || |   |  __/| |___| |\  | |_| | || |\  | |_| |
(_)   /_/      |_| |_____|____/ |_|   |_|   |_____|_| \_|____/___|_| \_|\____|
                                                                                

TEST PENDING: validar que pantalla este el texto Double Click on Edit Icon to EDIT the Table Row
---------------------------------------------------------------------------------
]]></system-err>
</testsuite>
